{"C:\\dev\\React\\01-first-steps\\src\\App.css": {"path":"C:\\dev\\React\\01-first-steps\\src\\App.css","statementMap":{},"fnMap":{},"branchMap":{},"s":{},"f":{},"b":{},"meta":{"lastBranch":0,"lastFunction":0,"lastStatement":0,"seen":{}}}
,"C:\\dev\\React\\01-first-steps\\src\\App.tsx": {"path":"C:\\dev\\React\\01-first-steps\\src\\App.tsx","statementMap":{"0":{"start":{"line":5,"column":34},"end":{"line":9,"column":null}},"1":{"start":{"line":12,"column":2},"end":{"line":17,"column":41}},"2":{"start":{"line":16,"column":48},"end":{"line":17,"column":41}}},"fnMap":{"0":{"name":"App","decl":{"start":{"line":11,"column":9},"end":{"line":11,"column":null}},"loc":{"start":{"line":11,"column":9},"end":{"line":22,"column":null}},"line":11},"1":{"name":"(anonymous_1)","decl":{"start":{"line":16,"column":24},"end":{"line":16,"column":25}},"loc":{"start":{"line":16,"column":48},"end":{"line":17,"column":41}},"line":16}},"branchMap":{},"s":{"0":1,"1":2,"2":6},"f":{"0":2,"1":6},"b":{},"meta":{"lastBranch":0,"lastFunction":2,"lastStatement":3,"seen":{"s:5:34:9:Infinity":0,"f:11:9:11:Infinity":0,"s:12:2:17:41":1,"f:16:24:16:25":1,"s:16:48:17:41":2}}}
,"C:\\dev\\React\\01-first-steps\\src\\MyAwesomeApp.tsx": {"path":"C:\\dev\\React\\01-first-steps\\src\\MyAwesomeApp.tsx","statementMap":{"0":{"start":{"line":2,"column":13},"end":{"line":2,"column":null}},"1":{"start":{"line":3,"column":17},"end":{"line":3,"column":null}},"2":{"start":{"line":4,"column":17},"end":{"line":4,"column":null}},"3":{"start":{"line":7,"column":2},"end":{"line":11,"column":null}}},"fnMap":{"0":{"name":"MyAwesomeApp","decl":{"start":{"line":6,"column":9},"end":{"line":6,"column":null}},"loc":{"start":{"line":6,"column":9},"end":{"line":14,"column":null}},"line":6}},"branchMap":{"0":{"loc":{"start":{"line":11,"column":11},"end":{"line":11,"column":null}},"type":"cond-expr","locations":[{"start":{"line":11,"column":21},"end":{"line":11,"column":30}},{"start":{"line":11,"column":30},"end":{"line":11,"column":null}}],"line":11}},"s":{"0":1,"1":1,"2":1,"3":3},"f":{"0":3},"b":{"0":[3,0]},"meta":{"lastBranch":1,"lastFunction":1,"lastStatement":4,"seen":{"s:2:13:2:Infinity":0,"s:3:17:3:Infinity":1,"s:4:17:4:Infinity":2,"f:6:9:6:Infinity":0,"s:7:2:11:Infinity":3,"b:11:21:11:30:11:30:11:Infinity":0}}}
,"C:\\dev\\React\\01-first-steps\\src\\helpers\\math.helper.ts": {"path":"C:\\dev\\React\\01-first-steps\\src\\helpers\\math.helper.ts","statementMap":{"0":{"start":{"line":1,"column":19},"end":{"line":3,"column":null}},"1":{"start":{"line":2,"column":4},"end":{"line":2,"column":null}},"2":{"start":{"line":5,"column":25},"end":{"line":7,"column":null}},"3":{"start":{"line":6,"column":4},"end":{"line":6,"column":null}},"4":{"start":{"line":9,"column":24},"end":{"line":11,"column":null}},"5":{"start":{"line":10,"column":4},"end":{"line":10,"column":null}},"6":{"start":{"line":13,"column":22},"end":{"line":15,"column":null}},"7":{"start":{"line":14,"column":4},"end":{"line":14,"column":null}}},"fnMap":{"0":{"name":"(anonymous_0)","decl":{"start":{"line":1,"column":19},"end":{"line":1,"column":20}},"loc":{"start":{"line":1,"column":30},"end":{"line":3,"column":null}},"line":1},"1":{"name":"(anonymous_1)","decl":{"start":{"line":5,"column":25},"end":{"line":5,"column":26}},"loc":{"start":{"line":5,"column":36},"end":{"line":7,"column":null}},"line":5},"2":{"name":"(anonymous_2)","decl":{"start":{"line":9,"column":24},"end":{"line":9,"column":25}},"loc":{"start":{"line":9,"column":35},"end":{"line":11,"column":null}},"line":9},"3":{"name":"(anonymous_3)","decl":{"start":{"line":13,"column":22},"end":{"line":13,"column":23}},"loc":{"start":{"line":13,"column":33},"end":{"line":15,"column":null}},"line":13}},"branchMap":{},"s":{"0":1,"1":1,"2":1,"3":1,"4":1,"5":1,"6":1,"7":1},"f":{"0":1,"1":1,"2":1,"3":1},"b":{},"meta":{"lastBranch":0,"lastFunction":4,"lastStatement":8,"seen":{"s:1:19:3:Infinity":0,"f:1:19:1:20":0,"s:2:4:2:Infinity":1,"s:5:25:7:Infinity":2,"f:5:25:5:26":1,"s:6:4:6:Infinity":3,"s:9:24:11:Infinity":4,"f:9:24:9:25":2,"s:10:4:10:Infinity":5,"s:13:22:15:Infinity":6,"f:13:22:13:23":3,"s:14:4:14:Infinity":7}}}
,"C:\\dev\\React\\01-first-steps\\src\\shopping-cart\\ItemCounter.css": {"path":"C:\\dev\\React\\01-first-steps\\src\\shopping-cart\\ItemCounter.css","statementMap":{},"fnMap":{},"branchMap":{},"s":{},"f":{},"b":{},"meta":{"lastBranch":0,"lastFunction":0,"lastStatement":0,"seen":{}}}
,"C:\\dev\\React\\01-first-steps\\src\\shopping-cart\\ItemCounter.tsx": {"path":"C:\\dev\\React\\01-first-steps\\src\\shopping-cart\\ItemCounter.tsx","statementMap":{"0":{"start":{"line":5,"column":20},"end":{"line":28,"column":null}},"1":{"start":{"line":9,"column":25},"end":{"line":9,"column":null}},"2":{"start":{"line":11,"column":20},"end":{"line":13,"column":null}},"3":{"start":{"line":12,"column":4},"end":{"line":12,"column":null}},"4":{"start":{"line":15,"column":26},"end":{"line":18,"column":null}},"5":{"start":{"line":16,"column":4},"end":{"line":16,"column":null}},"6":{"start":{"line":16,"column":20},"end":{"line":16,"column":null}},"7":{"start":{"line":17,"column":4},"end":{"line":17,"column":null}},"8":{"start":{"line":20,"column":2},"end":{"line":25,"column":null}}},"fnMap":{"0":{"name":"(anonymous_0)","decl":{"start":{"line":5,"column":20},"end":{"line":5,"column":21}},"loc":{"start":{"line":5,"column":50},"end":{"line":28,"column":null}},"line":5},"1":{"name":"(anonymous_1)","decl":{"start":{"line":11,"column":20},"end":{"line":11,"column":null}},"loc":{"start":{"line":11,"column":20},"end":{"line":13,"column":null}},"line":11},"2":{"name":"(anonymous_2)","decl":{"start":{"line":15,"column":26},"end":{"line":15,"column":null}},"loc":{"start":{"line":15,"column":26},"end":{"line":18,"column":null}},"line":15}},"branchMap":{"0":{"loc":{"start":{"line":5,"column":29},"end":{"line":5,"column":41}},"type":"default-arg","locations":[{"start":{"line":5,"column":40},"end":{"line":5,"column":41}}],"line":5},"1":{"loc":{"start":{"line":16,"column":4},"end":{"line":16,"column":null}},"type":"if","locations":[{"start":{"line":16,"column":4},"end":{"line":16,"column":null}},{"start":{},"end":{}}],"line":16}},"s":{"0":1,"1":7,"2":7,"3":1,"4":7,"5":2,"6":1,"7":1,"8":7},"f":{"0":7,"1":1,"2":2},"b":{"0":[7],"1":[1,1]},"meta":{"lastBranch":2,"lastFunction":3,"lastStatement":9,"seen":{"s:5:20:28:Infinity":0,"f:5:20:5:21":0,"b:5:40:5:41":0,"s:9:25:9:Infinity":1,"s:11:20:13:Infinity":2,"f:11:20:11:Infinity":1,"s:12:4:12:Infinity":3,"s:15:26:18:Infinity":4,"f:15:26:15:Infinity":2,"b:16:4:16:Infinity:undefined:undefined:undefined:undefined":1,"s:16:4:16:Infinity":5,"s:16:20:16:Infinity":6,"s:17:4:17:Infinity":7,"s:20:2:25:Infinity":8}}}
}
